<?xml version="1.0" encoding="UTF-8"?>
<robot generator="Robot 5.0.1 (Python 3.10.4 on linux)" generated="20220616 22:18:00.294" rpa="false" schemaversion="3">
<suite id="s1" name="Checkbox" source="/home/cecep/Developments/dojobox/DemoRobot/checkbox.robot">
<test id="s1-t1" name="Click Notes checkbox" line="11">
<kw name="Open Browser" library="SeleniumLibrary" type="SETUP">
<arg>${base_url}</arg>
<arg>${browser}</arg>
<doc>Opens a new browser instance to the optional ``url``.</doc>
<msg timestamp="20220616 22:18:00.504" level="INFO">Opening browser 'chrome' to base url 'https://demoqa.com/checkbox'.</msg>
<status status="PASS" starttime="20220616 22:18:00.503" endtime="20220616 22:18:12.013"/>
</kw>
<kw name="Maximize Browser Window" library="SeleniumLibrary">
<doc>Maximizes current browser window.</doc>
<status status="PASS" starttime="20220616 22:18:12.013" endtime="20220616 22:18:12.134"/>
</kw>
<kw name="Click Element" library="SeleniumLibrary">
<arg>(//button[@aria-label="Toggle"])[1]</arg>
<doc>Click the element identified by ``locator``.</doc>
<msg timestamp="20220616 22:18:12.136" level="INFO">Clicking element '(//button[@aria-label="Toggle"])[1]'.</msg>
<status status="PASS" starttime="20220616 22:18:12.135" endtime="20220616 22:18:12.235"/>
</kw>
<kw name="Click Element" library="SeleniumLibrary">
<arg>(//button[@aria-label="Toggle"])[2]</arg>
<doc>Click the element identified by ``locator``.</doc>
<msg timestamp="20220616 22:18:12.236" level="INFO">Clicking element '(//button[@aria-label="Toggle"])[2]'.</msg>
<status status="PASS" starttime="20220616 22:18:12.235" endtime="20220616 22:18:12.407"/>
</kw>
<kw name="Click Element" library="SeleniumLibrary">
<arg>(//span[@class="rct-checkbox"])[3]</arg>
<doc>Click the element identified by ``locator``.</doc>
<msg timestamp="20220616 22:18:12.408" level="INFO">Clicking element '(//span[@class="rct-checkbox"])[3]'.</msg>
<status status="PASS" starttime="20220616 22:18:12.408" endtime="20220616 22:18:12.503"/>
</kw>
<kw name="Element Should Be Visible" library="SeleniumLibrary">
<arg>//div[@id="result"]</arg>
<doc>Verifies that the element identified by ``locator`` is visible.</doc>
<msg timestamp="20220616 22:18:12.555" level="INFO">Element '//div[@id="result"]' is displayed.</msg>
<status status="PASS" starttime="20220616 22:18:12.503" endtime="20220616 22:18:12.555"/>
</kw>
<kw name="Element Should Contain" library="SeleniumLibrary">
<arg>//span[@class="text-success"]</arg>
<arg>notes</arg>
<doc>Verifies that element ``locator`` contains text ``expected``.</doc>
<msg timestamp="20220616 22:18:12.611" level="INFO">Element '//span[@class="text-success"]' contains text 'notes'.</msg>
<status status="PASS" starttime="20220616 22:18:12.557" endtime="20220616 22:18:12.612"/>
</kw>
<kw name="Close Browser" library="SeleniumLibrary" type="TEARDOWN">
<doc>Closes the current browser.</doc>
<status status="PASS" starttime="20220616 22:18:12.613" endtime="20220616 22:18:12.685"/>
</kw>
<status status="PASS" starttime="20220616 22:18:00.502" endtime="20220616 22:18:12.685"/>
</test>
<status status="PASS" starttime="20220616 22:18:00.295" endtime="20220616 22:18:12.687"/>
</suite>
<statistics>
<total>
<stat pass="1" fail="0" skip="0">All Tests</stat>
</total>
<tag>
</tag>
<suite>
<stat pass="1" fail="0" skip="0" id="s1" name="Checkbox">Checkbox</stat>
</suite>
</statistics>
<errors>
</errors>
</robot>
